<?xml version="1.0" encoding="UTF-8"?>
<testng-results skipped="0" failed="0" ignored="0" total="1" passed="1">
  <reporter-output>
  </reporter-output>
  <suite name="Default suite" duration-ms="43" started-at="2018-10-20T00:32:26Z" finished-at="2018-10-20T00:32:26Z">
    <groups>
    </groups>
    <test name="Default test" duration-ms="43" started-at="2018-10-20T00:32:26Z" finished-at="2018-10-20T00:32:26Z">
      <class name="CucumberFramework.basics">
        <test-method status="PASS" signature="getPlaceAPI()[pri:0, instance:CucumberFramework.basics@100fc185]" name="getPlaceAPI" duration-ms="18" started-at="2018-10-20T00:32:26Z" finished-at="2018-10-20T00:32:26Z">
          <reporter-output>
          </reporter-output>
        </test-method> <!-- getPlaceAPI -->
      </class> <!-- CucumberFramework.basics -->
    </test> <!-- Default test -->
  </suite> <!-- Default suite -->
</testng-results>
